<?xml version="1.0" encoding="UTF-8"?>
<!-- Generated by org.testng.reporters.JUnitReportReporter -->
<testsuite skipped="0" hostname="DESKTOP-H8NDU4L" name="BigLotAutomation.TestOrder.TestOne" tests="1" failures="0" timestamp="2020-05-28T13:38:36 EDT" time="13.325" errors="0">
  <testcase name="loop" time="13.325" classname="BigLotAutomation.TestOrder.TestOne"/>
  <system-out/>
</testsuite> <!-- BigLotAutomation.TestOrder.TestOne -->
