<?xml version="1.0" encoding="UTF-8"?>
<!-- Generated by org.testng.reporters.JUnitReportReporter -->
<testsuite skipped="0" hostname="DESKTOP-H8NDU4L" name="BigLotAutomation.TestOrder.CreateNewUser" tests="12" failures="0" timestamp="2020-06-01T21:00:57 EDT" time="444.440" errors="0">
  <testcase name="loop" time="34.857" classname="BigLotAutomation.TestOrder.CreateNewUser"/>
  <system-out/>
  <testcase name="loop" time="40.801" classname="BigLotAutomation.TestOrder.CreateNewUser"/>
  <system-out/>
  <testcase name="loop" time="34.758" classname="BigLotAutomation.TestOrder.CreateNewUser"/>
  <system-out/>
  <testcase name="loop" time="39.678" classname="BigLotAutomation.TestOrder.CreateNewUser"/>
  <system-out/>
  <testcase name="loop" time="39.188" classname="BigLotAutomation.TestOrder.CreateNewUser"/>
  <system-out/>
  <testcase name="loop" time="34.619" classname="BigLotAutomation.TestOrder.CreateNewUser"/>
  <system-out/>
  <testcase name="loop" time="39.513" classname="BigLotAutomation.TestOrder.CreateNewUser"/>
  <system-out/>
  <testcase name="loop" time="35.975" classname="BigLotAutomation.TestOrder.CreateNewUser"/>
  <system-out/>
  <testcase name="loop" time="36.954" classname="BigLotAutomation.TestOrder.CreateNewUser"/>
  <system-out/>
  <testcase name="loop" time="34.222" classname="BigLotAutomation.TestOrder.CreateNewUser"/>
  <system-out/>
  <testcase name="loop" time="34.757" classname="BigLotAutomation.TestOrder.CreateNewUser"/>
  <system-out/>
  <testcase name="loop" time="39.118" classname="BigLotAutomation.TestOrder.CreateNewUser"/>
  <system-out/>
</testsuite> <!-- BigLotAutomation.TestOrder.CreateNewUser -->
