<?xml version="1.0" encoding="UTF-8"?>
<!-- Generated by org.testng.reporters.JUnitReportReporter -->
<testsuite skipped="0" hostname="DESKTOP-H8NDU4L" name="BigLotAutomation.TestOrder.TestChrome" tests="1" failures="0" timestamp="2020-05-31T14:26:21 EDT" time="4.701" errors="0">
  <testcase name="testchrome" time="4.701" classname="BigLotAutomation.TestOrder.TestChrome"/>
  <system-out/>
</testsuite> <!-- BigLotAutomation.TestOrder.TestChrome -->
