<?xml version="1.0" encoding="UTF-8"?>
<!-- Generated by org.testng.reporters.JUnitReportReporter -->
<testsuite skipped="0" hostname="DESKTOP-H8NDU4L" name="BigLotAutomation.TestOrder.TestOne" tests="1" failures="0" timestamp="2020-05-31T13:32:52 EDT" time="33.296" errors="0">
  <testcase name="loop" time="33.296" classname="BigLotAutomation.TestOrder.TestOne"/>
  <system-out/>
</testsuite> <!-- BigLotAutomation.TestOrder.TestOne -->
