<?xml version="1.0" encoding="UTF-8"?>
<!-- Generated by org.testng.reporters.JUnitReportReporter -->
<testsuite skipped="0" hostname="DESKTOP-H8NDU4L" name="excelutils.ExcelUtil" tests="1" failures="0" timestamp="2020-05-31T23:47:40 EDT" time="0.842" errors="0">
  <testcase name="getrowcount" time="0.842" classname="excelutils.ExcelUtil"/>
  <system-out/>
</testsuite> <!-- excelutils.ExcelUtil -->
