<?xml version="1.0" encoding="UTF-8"?>
<!-- Generated by org.testng.reporters.JUnitReportReporter -->
<testsuite skipped="0" hostname="DESKTOP-H8NDU4L" name="BigLotAutomation.TestOrder.Add_Item_To_Cart" tests="1" failures="0" timestamp="2020-06-02T21:33:50 EDT" time="34.247" errors="0">
  <testcase name="addItemtoCart" time="34.247" classname="BigLotAutomation.TestOrder.Add_Item_To_Cart"/>
  <system-out/>
</testsuite> <!-- BigLotAutomation.TestOrder.Add_Item_To_Cart -->
